compiling class library...
	Found 733 primitives.
	Compiling directory '/usr/local/share/SuperCollider/SCClassLibrary'
	Compiling directory '/usr/local/share/SuperCollider/Extensions'
	Compiling directory '/home/pi/.local/share/SuperCollider/Extensions'
	numentries = 1088350 / 12162912 = 0.089
	4154 method selectors, 2928 classes
	method table size 8098092 bytes, big table size 48651648
	Number of Symbols 11606
	Byte Code Size 327308
	compiled 447 files in 1.02 seconds

Info: 4 methods are currently overwritten by extensions. To see which, execute:
MethodOverride.printAll

compile done
localhost : setting clientID to 0.
internal : setting clientID to 0.
Class tree inited in 0.03 seconds


*** Welcome to SuperCollider 3.11.2. *** For help type ctrl-c ctrl-h (Emacs) or :SChelp (vim) or ctrl-U (sced/gedit).
Booting server 'localhost' on address 127.0.0.1:57110.
Faust: supercollider.cpp: sc_api_version = 3
Faust: FaustGreyholeRaw numControls=7
Faust: supercollider.cpp: sc_api_version = 3
Faust: FaustJPverbRaw numControls=11
Found 0 LADSPA plugins
JackDriver: client name is 'SuperCollider'
SC_AudioDriver: sample rate = 44100.000000, driver's block size = 512
JackDriver: connected  SuperCollider:out_1 to system:playback_1
JackDriver: connected  SuperCollider:out_2 to system:playback_2
SuperCollider 3 server ready.
JackDriver: max output latency 34.8 ms
Requested notification messages from server 'localhost'
localhost: server process's maxLogins (1) matches with my options.
localhost: keeping clientID (0) as confirmed by server process.
server 'localhost' already booting
Shared memory server interface initialized
331
0
TGA
a Prand
STOP
0.062505006790161

1
AAC
69
asp
2.4

2
AAA
69
lys
4.0

3
CCC
60
pro
1.8

4
CGA
60
arg
4.1

5
ATG
69
met
1.5

6
TGC
a Prand
cys
2.2

7
GAT
67
asp
2.4

8
CAT
60
his
4.2

9
TGT
a Prand
cys
2.2

10
GGG
67
gly
1.0

11
ACA
69
thr
2.1

12
TGG
a Prand
try
1.7

13
GTT
67
val
1.2

14
TGC
a Prand
cys
2.2

15
AGC
69
ser
2.0

16
TTT
a Prand
phe
1.6

17
TCC
a Prand
ser
2.0

18
GCA
67
ala
1.1

19
AAC
69
asp
2.4

20
ATC
69
ile
1.4

21
TTT
a Prand
phe
1.6

22
CTC
60
leu
1.3

23
TAG
a Prand
STOP
4.7582042217255

24
CTT
60
leu
1.3

25
CGG
60
arg
4.1

26
AAG
69
lys
4.0

27
TGG
a Prand
try
1.7

28
AGC
69
ser
2.0

29
ACA
69
thr
2.1

30
AAA
69
lys
4.0

31
CCG
60
pro
1.8

32
TAT
a Prand
tyr
2.3

33
TTG
a Prand
leu
1.3

34
GTC
67
val
1.2

35
TTC
a Prand
phe
1.6

36
TGA
a Prand
STOP
4.6288955211639

37
AAA
69
lys
4.0

38
TGA
a Prand
STOP
3.185515999794

39
TTG
a Prand
leu
1.3

40
AGA
69
arg
4.1

41
GAG
67
glu
